<?xml version="1.0" encoding="UTF-8"?>
<testsuite xmlns:xsi="http://www.w3.org/2001/XMLSchema-instance" xsi:noNamespaceSchemaLocation="https://maven.apache.org/surefire/maven-surefire-plugin/xsd/surefire-test-report.xsd" name="redes.AppTest" time="0.054" tests="1" errors="0" skipped="0" failures="0">
  <properties>
    <property name="java.specification.version" value="20"/>
    <property name="sun.cpu.isalist" value="amd64"/>
    <property name="sun.jnu.encoding" value="Cp1252"/>
    <property name="java.class.path" value="d:\Github\Proyecto1_Redes\demo\target\test-classes;d:\Github\Proyecto1_Redes\demo\target\classes;C:\Users\kenic\.m2\repository\junit\junit\4.11\junit-4.11.jar;C:\Users\kenic\.m2\repository\org\hamcrest\hamcrest-core\1.3\hamcrest-core-1.3.jar;C:\Users\kenic\.m2\repository\org\igniterealtime\smack\smack-java8\4.4.4\smack-java8-4.4.4.jar;C:\Users\kenic\.m2\repository\org\igniterealtime\smack\smack-core\4.4.4\smack-core-4.4.4.jar;C:\Users\kenic\.m2\repository\org\igniterealtime\smack\smack-xmlparser\4.4.4\smack-xmlparser-4.4.4.jar;C:\Users\kenic\.m2\repository\org\jxmpp\jxmpp-core\1.0.3\jxmpp-core-1.0.3.jar;C:\Users\kenic\.m2\repository\org\jxmpp\jxmpp-util-cache\1.0.3\jxmpp-util-cache-1.0.3.jar;C:\Users\kenic\.m2\repository\org\jxmpp\jxmpp-jid\1.0.3\jxmpp-jid-1.0.3.jar;C:\Users\kenic\.m2\repository\org\minidns\minidns-core\1.0.4\minidns-core-1.0.4.jar;C:\Users\kenic\.m2\repository\org\igniterealtime\smack\smack-resolver-javax\4.4.4\smack-resolver-javax-4.4.4.jar;C:\Users\kenic\.m2\repository\org\igniterealtime\smack\smack-sasl-javax\4.4.4\smack-sasl-javax-4.4.4.jar;C:\Users\kenic\.m2\repository\org\igniterealtime\smack\smack-xmlparser-stax\4.4.4\smack-xmlparser-stax-4.4.4.jar;C:\Users\kenic\.m2\repository\org\igniterealtime\smack\smack-tcp\4.4.4\smack-tcp-4.4.4.jar;C:\Users\kenic\.m2\repository\org\igniterealtime\smack\smack-streammanagement\4.4.4\smack-streammanagement-4.4.4.jar;C:\Users\kenic\.m2\repository\org\igniterealtime\smack\smack-im\4.4.4\smack-im-4.4.4.jar;C:\Users\kenic\.m2\repository\org\igniterealtime\smack\smack-extensions\4.4.4\smack-extensions-4.4.4.jar;C:\Users\kenic\.m2\repository\org\sakaiproject\sakai-chat-api\11.4\sakai-chat-api-11.4.jar;"/>
    <property name="java.vm.vendor" value="Oracle Corporation"/>
    <property name="sun.arch.data.model" value="64"/>
    <property name="user.variant" value=""/>
    <property name="java.vendor.url" value="https://java.oracle.com/"/>
    <property name="user.timezone" value="America/Guatemala"/>
    <property name="os.name" value="Windows 11"/>
    <property name="java.vm.specification.version" value="20"/>
    <property name="sun.java.launcher" value="SUN_STANDARD"/>
    <property name="user.country" value="GT"/>
    <property name="sun.boot.library.path" value="C:\Program Files\Java\jdk-20\bin"/>
    <property name="sun.java.command" value="C:\Users\kenic\AppData\Local\Temp\surefire4208426754924694342\surefirebooter1308364581742427269.jar C:\Users\kenic\AppData\Local\Temp\surefire4208426754924694342 2023-08-16T19-33-37_832-jvmRun1 surefire767770466252229422tmp surefire_01589445270855996335tmp"/>
    <property name="jdk.debug" value="release"/>
    <property name="surefire.test.class.path" value="d:\Github\Proyecto1_Redes\demo\target\test-classes;d:\Github\Proyecto1_Redes\demo\target\classes;C:\Users\kenic\.m2\repository\junit\junit\4.11\junit-4.11.jar;C:\Users\kenic\.m2\repository\org\hamcrest\hamcrest-core\1.3\hamcrest-core-1.3.jar;C:\Users\kenic\.m2\repository\org\igniterealtime\smack\smack-java8\4.4.4\smack-java8-4.4.4.jar;C:\Users\kenic\.m2\repository\org\igniterealtime\smack\smack-core\4.4.4\smack-core-4.4.4.jar;C:\Users\kenic\.m2\repository\org\igniterealtime\smack\smack-xmlparser\4.4.4\smack-xmlparser-4.4.4.jar;C:\Users\kenic\.m2\repository\org\jxmpp\jxmpp-core\1.0.3\jxmpp-core-1.0.3.jar;C:\Users\kenic\.m2\repository\org\jxmpp\jxmpp-util-cache\1.0.3\jxmpp-util-cache-1.0.3.jar;C:\Users\kenic\.m2\repository\org\jxmpp\jxmpp-jid\1.0.3\jxmpp-jid-1.0.3.jar;C:\Users\kenic\.m2\repository\org\minidns\minidns-core\1.0.4\minidns-core-1.0.4.jar;C:\Users\kenic\.m2\repository\org\igniterealtime\smack\smack-resolver-javax\4.4.4\smack-resolver-javax-4.4.4.jar;C:\Users\kenic\.m2\repository\org\igniterealtime\smack\smack-sasl-javax\4.4.4\smack-sasl-javax-4.4.4.jar;C:\Users\kenic\.m2\repository\org\igniterealtime\smack\smack-xmlparser-stax\4.4.4\smack-xmlparser-stax-4.4.4.jar;C:\Users\kenic\.m2\repository\org\igniterealtime\smack\smack-tcp\4.4.4\smack-tcp-4.4.4.jar;C:\Users\kenic\.m2\repository\org\igniterealtime\smack\smack-streammanagement\4.4.4\smack-streammanagement-4.4.4.jar;C:\Users\kenic\.m2\repository\org\igniterealtime\smack\smack-im\4.4.4\smack-im-4.4.4.jar;C:\Users\kenic\.m2\repository\org\igniterealtime\smack\smack-extensions\4.4.4\smack-extensions-4.4.4.jar;C:\Users\kenic\.m2\repository\org\sakaiproject\sakai-chat-api\11.4\sakai-chat-api-11.4.jar;"/>
    <property name="sun.cpu.endian" value="little"/>
    <property name="user.home" value="C:\Users\kenic"/>
    <property name="user.language" value="es"/>
    <property name="java.specification.vendor" value="Oracle Corporation"/>
    <property name="java.version.date" value="2023-07-18"/>
    <property name="java.home" value="C:\Program Files\Java\jdk-20"/>
    <property name="file.separator" value="\"/>
    <property name="basedir" value="d:\Github\Proyecto1_Redes\demo"/>
    <property name="java.vm.compressedOopsMode" value="Zero based"/>
    <property name="line.separator" value="&#10;"/>
    <property name="java.vm.specification.vendor" value="Oracle Corporation"/>
    <property name="java.specification.name" value="Java Platform API Specification"/>
    <property name="surefire.real.class.path" value="C:\Users\kenic\AppData\Local\Temp\surefire4208426754924694342\surefirebooter1308364581742427269.jar"/>
    <property name="user.script" value=""/>
    <property name="sun.management.compiler" value="HotSpot 64-Bit Tiered Compilers"/>
    <property name="java.runtime.version" value="20.0.2+9-78"/>
    <property name="user.name" value="kenic"/>
    <property name="stdout.encoding" value="Cp1252"/>
    <property name="path.separator" value=";"/>
    <property name="os.version" value="10.0"/>
    <property name="java.runtime.name" value="Java(TM) SE Runtime Environment"/>
    <property name="file.encoding" value="UTF-8"/>
    <property name="java.vm.name" value="Java HotSpot(TM) 64-Bit Server VM"/>
    <property name="localRepository" value="C:\Users\kenic\.m2\repository"/>
    <property name="java.vendor.url.bug" value="https://bugreport.java.com/bugreport/"/>
    <property name="java.io.tmpdir" value="C:\Users\kenic\AppData\Local\Temp\"/>
    <property name="java.version" value="20.0.2"/>
    <property name="user.dir" value="d:\Github\Proyecto1_Redes\demo"/>
    <property name="os.arch" value="amd64"/>
    <property name="java.vm.specification.name" value="Java Virtual Machine Specification"/>
    <property name="sun.os.patch.level" value=""/>
    <property name="native.encoding" value="Cp1252"/>
    <property name="java.library.path" value="C:\Program Files\Java\jdk-20\bin;C:\windows\Sun\Java\bin;C:\windows\system32;C:\windows;C:\Program Files\Java\jdk-20\bin;C:\apache-maven-3.9.4\bin;C:\Program Files\Common Files\Oracle\Java\javapath;C:\Program Files (x86)\Common Files\Oracle\Java\javapath;C:\windows\system32;C:\windows;C:\windows\System32\Wbem;C:\windows\System32\WindowsPowerShell\v1.0\;C:\windows\System32\OpenSSH\;C:\Program Files\Git\cmd;C:\Program Files\Graphviz\bin;C:\Program Files\nodejs\;C:\Users\kenic\AppData\Local\Programs\Python\Python38\Scripts\;C:\Users\kenic\AppData\Local\Programs\Python\Python38\;C:\Users\kenic\AppData\Local\Programs\Python\Python311\Scripts\;C:\Users\kenic\AppData\Local\Programs\Python\Python311\;C:\Users\kenic\AppData\Local\Microsoft\WindowsApps;C:\Users\kenic\AppData\Local\Programs\Microsoft VS Code\bin;C:\Users\kenic\AppData\Local\GitHubDesktop\bin;C:\Program Files\Graphviz\bin;C:\Users\kenic\AppData\Roaming\npm;C:\msys64\mingw64\bin;C:\Users\kenic\AppData\Local\Programs\MiKTeX\miktex\bin\x64\;C:\Users\kenic\Downloads\apache-maven-3.9.4-bin\lib;;."/>
    <property name="java.vm.info" value="mixed mode, sharing"/>
    <property name="stderr.encoding" value="Cp1252"/>
    <property name="java.vendor" value="Oracle Corporation"/>
    <property name="java.vm.version" value="20.0.2+9-78"/>
    <property name="sun.io.unicode.encoding" value="UnicodeLittle"/>
    <property name="java.class.version" value="64.0"/>
  </properties>
  <testcase name="shouldAnswerWithTrue" classname="redes.AppTest" time="0.005"/>
</testsuite>